
Circuit 1 cell sky130_fd_pr__nfet_01v8 and Circuit 2 cell sky130_fd_pr__nfet_01v8 are black boxes.
Equate elements:  no current cell.
Device classes sky130_fd_pr__nfet_01v8 and sky130_fd_pr__nfet_01v8 are equivalent.

Circuit 1 cell sky130_fd_pr__pfet_01v8 and Circuit 2 cell sky130_fd_pr__pfet_01v8 are black boxes.
Equate elements:  no current cell.
Device classes sky130_fd_pr__pfet_01v8 and sky130_fd_pr__pfet_01v8 are equivalent.
Flattening unmatched subcell LDS_DAC_block in circuit 4bit_DAC_LDS.spice (0)(4 instances)

Class 4bit_DAC_LDS.spice (0):  Merged 5 parallel devices.
Class 4BIT_DAC_block.spice (1):  Merged 1 parallel devices.
Subcircuit summary:
Circuit 1: 4bit_DAC_LDS.spice              |Circuit 2: 4BIT_DAC_block.spice            
-------------------------------------------|-------------------------------------------
sky130_fd_pr__nfet_01v8 (25->20)           |sky130_fd_pr__nfet_01v8 (10->9) **Mismatch 
sky130_fd_pr__pfet_01v8 (4)                |sky130_fd_pr__pfet_01v8 (1) **Mismatch**   
(no matching element)                      |inverter (1)                               
(no matching element)                      |DAC_block (4)                              
Number of devices: 24 **Mismatch**         |Number of devices: 15 **Mismatch**         
Number of nets: 18 **Mismatch**            |Number of nets: 23 **Mismatch**            
---------------------------------------------------------------------------------------
NET mismatches: Class fragments follow (with fanout counts):
Circuit 1: 4bit_DAC_LDS.spice              |Circuit 2: 4BIT_DAC_block.spice            

---------------------------------------------------------------------------------------
Net: net1                                  |Net: DAC_block_20/G_V_OUT                  
  sky130_fd_pr__nfet_01v8/(1|3) = 14       |  DAC_block/6 = 4                          
                                           |  sky130_fd_pr__nfet_01v8/2 = 1            
                                           |                                           
Net: g_v                                   |Net: VP                                    
  sky130_fd_pr__nfet_01v8/2 = 5            |  sky130_fd_pr__pfet_01v8/(1|3) = 1        
                                           |  sky130_fd_pr__pfet_01v8/4 = 1            
                                           |  inverter/1 = 1                           
                                           |                                           
Net: i_out_ld                              |Net: I_OUT                                 
  sky130_fd_pr__nfet_01v8/(1|3) = 5        |  sky130_fd_pr__nfet_01v8/(1|3) = 2        
                                           |  DAC_block/4 = 4                          
                                           |                                           
Net: i_dump                                |Net: I_DUMP                                
  sky130_fd_pr__nfet_01v8/(1|3) = 6        |  sky130_fd_pr__nfet_01v8/(1|3) = 2        
                                           |  DAC_block/1 = 4                          
                                           |                                           
Net: GND                                   |Net: a_4000_7600#                          
  sky130_fd_pr__nfet_01v8/4 = 20           |  sky130_fd_pr__nfet_01v8/(1|3) = 3        
  sky130_fd_pr__nfet_01v8/2 = 3            |                                           
  sky130_fd_pr__nfet_01v8/(1|3) = 7        |                                           
                                           |                                           
Net: D_3                                   |Net: DAC_block_15/H_V_OUT                  
  sky130_fd_pr__nfet_01v8/2 = 2            |  DAC_block/5 = 1                          
  sky130_fd_pr__pfet_01v8/2 = 1            |  sky130_fd_pr__nfet_01v8/(1|3) = 2        
                                           |                                           
Net: D_2                                   |Net: H_V_OUT                               
  sky130_fd_pr__nfet_01v8/2 = 2            |  sky130_fd_pr__nfet_01v8/(1|3) = 1        
  sky130_fd_pr__pfet_01v8/2 = 1            |                                           
                                           |                                           
Net: D_1                                   |Net: DAC_block_20/D_IN                     
  sky130_fd_pr__nfet_01v8/2 = 2            |  DAC_block/2 = 1                          
  sky130_fd_pr__pfet_01v8/2 = 1            |                                           
                                           |                                           
Net: D_0                                   |Net: DAC_block_14/D_IN                     
  sky130_fd_pr__nfet_01v8/2 = 2            |  DAC_block/2 = 1                          
  sky130_fd_pr__pfet_01v8/2 = 1            |                                           
                                           |                                           
Net: LDS_DAC_block:2/net2                  |Net: DAC_block_15/D_IN                     
  sky130_fd_pr__nfet_01v8/2 = 1            |  DAC_block/2 = 1                          
  sky130_fd_pr__nfet_01v8/(1|3) = 1        |                                           
  sky130_fd_pr__pfet_01v8/(1|3) = 1        |                                           
                                           |                                           
Net: LDS_DAC_block:1/net2                  |Net: DAC_block_16/D_IN                     
  sky130_fd_pr__nfet_01v8/2 = 1            |  DAC_block/2 = 1                          
  sky130_fd_pr__nfet_01v8/(1|3) = 1        |                                           
  sky130_fd_pr__pfet_01v8/(1|3) = 1        |                                           
                                           |                                           
Net: LDS_DAC_block:3/net2                  |Net: Q                                     
  sky130_fd_pr__nfet_01v8/2 = 1            |  sky130_fd_pr__nfet_01v8/(1|3) = 1        
  sky130_fd_pr__nfet_01v8/(1|3) = 1        |  sky130_fd_pr__pfet_01v8/(1|3) = 1        
  sky130_fd_pr__pfet_01v8/(1|3) = 1        |                                           
                                           |                                           
Net: LDS_DAC_block:4/net2                  |Net: A                                     
  sky130_fd_pr__nfet_01v8/2 = 1            |  sky130_fd_pr__nfet_01v8/2 = 1            
  sky130_fd_pr__nfet_01v8/(1|3) = 1        |  sky130_fd_pr__pfet_01v8/2 = 1            
  sky130_fd_pr__pfet_01v8/(1|3) = 1        |                                           
                                           |                                           
Net: LDS_DAC_block:2/net1                  |Net: D_IN                                  
  sky130_fd_pr__nfet_01v8/(1|3) = 1        |  inverter/3 = 1                           
                                           |  sky130_fd_pr__nfet_01v8/2 = 1            
                                           |                                           
Net: LDS_DAC_block:1/net1                  |Net: inverter_0/Q                          
  sky130_fd_pr__nfet_01v8/(1|3) = 1        |  inverter/4 = 1                           
                                           |  sky130_fd_pr__nfet_01v8/2 = 1            
                                           |                                           
Net: LDS_DAC_block:3/net1                  |Net: H_V                                   
  sky130_fd_pr__nfet_01v8/(1|3) = 1        |  sky130_fd_pr__nfet_01v8/(1|3) = 2        
                                           |                                           
Net: LDS_DAC_block:4/net1                  |Net: G_V_OUT                               
  sky130_fd_pr__nfet_01v8/(1|3) = 1        |  sky130_fd_pr__nfet_01v8/2 = 2            
                                           |                                           
Net: VDD                                   |Net: DAC_block_20/H_V                      
  sky130_fd_pr__pfet_01v8/(1|3) = 4        |  DAC_block/3 = 1                          
  sky130_fd_pr__pfet_01v8/4 = 4            |  DAC_block/5 = 1                          
                                           |                                           
(no matching net)                          |Net: DAC_block_15/H_V                      
                                           |  DAC_block/5 = 1                          
                                           |  DAC_block/3 = 1                          
                                           |                                           
(no matching net)                          |Net: DAC_block_16/H_V                      
                                           |  DAC_block/5 = 1                          
                                           |  DAC_block/3 = 1                          
                                           |                                           
(no matching net)                          |Net: DAC_block_14/H_V                      
                                           |  DAC_block/3 = 1                          
                                           |  sky130_fd_pr__nfet_01v8/(1|3) = 1        
                                           |                                           
(no matching net)                          |Net: VN                                    
                                           |  sky130_fd_pr__nfet_01v8/(1|3) = 4        
                                           |  sky130_fd_pr__nfet_01v8/4 = 9            
                                           |  inverter/2 = 1                           
                                           |  DAC_block/7 = 4                          
                                           |  sky130_fd_pr__nfet_01v8/2 = 3            
                                           |                                           
(no matching net)                          |Net: DAC_block_20/VP                       
                                           |  DAC_block/8 = 4                          
---------------------------------------------------------------------------------------
DEVICE mismatches: Class fragments follow (with node fanout counts):
Circuit 1: 4bit_DAC_LDS.spice              |Circuit 2: 4BIT_DAC_block.spice            

---------------------------------------------------------------------------------------
Instance: sky130_fd_pr__nfet_01v8:M29      |Instance: sky130_fd_pr__nfet_01v8:0        
  (1,3) = (14,6)                           |  (1,3) = (21,2)                           
  2 = 5                                    |  2 = 2                                    
  4 = 30                                   |  4 = 21                                   
                                           |                                           
Instance: sky130_fd_pr__nfet_01v8:M2       |Instance: sky130_fd_pr__nfet_01v8:0        
  (1,3) = (30,14)                          |  (1,3) = (6,3)                            
  2 = 30                                   |  2 = 2                                    
  4 = 30                                   |  4 = 21                                   
                                           |                                           
Instance: sky130_fd_pr__nfet_01v8:M3       |Instance: sky130_fd_pr__nfet_01v8:1        
  (1,3) = (30,5)                           |  (1,3) = (3,2)                            
  2 = 30                                   |  2 = 2                                    
  4 = 30                                   |  4 = 21                                   
                                           |                                           
Instance: sky130_fd_pr__nfet_01v8:M1       |Instance: sky130_fd_pr__nfet_01v8:2        
  (1,3) = (30,6)                           |  (1,3) = (2,1)                            
  2 = 30                                   |  2 = 2                                    
  4 = 30                                   |  4 = 21                                   
                                           |                                           
Instance: LDS_DAC_block:2/sky130_fd_pr__nf |Instance: sky130_fd_pr__nfet_01v8:3        
  (1,3) = (14,1)                           |  (1,3) = (6,3)                            
  2 = 5                                    |  2 = 2                                    
  4 = 30                                   |  4 = 21                                   
                                           |                                           
Instance: LDS_DAC_block:2/sky130_fd_pr__nf |Instance: sky130_fd_pr__nfet_01v8:0        
  (1,3) = (14,5)                           |  (1,3) = (21,6)                           
  2 = 3                                    |  2 = 21                                   
  4 = 30                                   |  4 = 21                                   
                                           |                                           
Instance: LDS_DAC_block:2/sky130_fd_pr__nf |Instance: sky130_fd_pr__nfet_01v8:1        
  (1,3) = (14,6)                           |  (1,3) = (21,2)                           
  2 = 3                                    |  2 = 21                                   
  4 = 30                                   |  4 = 21                                   
                                           |                                           
Instance: LDS_DAC_block:2/sky130_fd_pr__nf |Instance: sky130_fd_pr__nfet_01v8:2        
  (1,3) = (30,3)                           |  (1,3) = (21,3)                           
  2 = 3                                    |  2 = 21                                   
  4 = 30                                   |  4 = 21                                   
                                           |                                           
Instance: LDS_DAC_block:1/sky130_fd_pr__nf |Instance: sky130_fd_pr__nfet_01v8:3        
  (1,3) = (14,1)                           |  (1,3) = (6,3)                            
  2 = 5                                    |  2 = 5                                    
  4 = 30                                   |  4 = 21                                   
                                           |                                           
Instance: LDS_DAC_block:1/sky130_fd_pr__nf |Instance: sky130_fd_pr__pfet_01v8:1        
  (1,3) = (14,5)                           |  (1,3) = (3,2)                            
  2 = 3                                    |  2 = 2                                    
  4 = 30                                   |  4 = 3                                    
                                           |                                           
Instance: LDS_DAC_block:1/sky130_fd_pr__nf |Instance: inverter_0                       
  (1,3) = (14,6)                           |  1 = 3                                    
  2 = 3                                    |  2 = 21                                   
  4 = 30                                   |  3 = 2                                    
                                           |  4 = 2                                    
                                           |                                           
Instance: LDS_DAC_block:1/sky130_fd_pr__nf |Instance: DAC_block_20                     
  (1,3) = (30,3)                           |  1 = 6                                    
  2 = 3                                    |  2 = 1                                    
  4 = 30                                   |  3 = 2                                    
                                           |  4 = 6                                    
                                           |  5 = 2                                    
                                           |  6 = 5                                    
                                           |  7 = 21                                   
                                           |  8 = 4                                    
                                           |                                           
Instance: LDS_DAC_block:3/sky130_fd_pr__nf |Instance: DAC_block_14                     
  (1,3) = (14,1)                           |  1 = 6                                    
  2 = 5                                    |  2 = 1                                    
  4 = 30                                   |  3 = 2                                    
                                           |  4 = 6                                    
                                           |  5 = 2                                    
                                           |  6 = 5                                    
                                           |  7 = 21                                   
                                           |  8 = 4                                    
                                           |                                           
Instance: LDS_DAC_block:3/sky130_fd_pr__nf |Instance: DAC_block_15                     
  (1,3) = (14,5)                           |  1 = 6                                    
  2 = 3                                    |  2 = 1                                    
  4 = 30                                   |  3 = 2                                    
                                           |  4 = 6                                    
                                           |  5 = 3                                    
                                           |  6 = 5                                    
                                           |  7 = 21                                   
                                           |  8 = 4                                    
                                           |                                           
Instance: LDS_DAC_block:3/sky130_fd_pr__nf |Instance: DAC_block_16                     
  (1,3) = (14,6)                           |  1 = 6                                    
  2 = 3                                    |  2 = 1                                    
  4 = 30                                   |  3 = 2                                    
                                           |  4 = 6                                    
                                           |  5 = 2                                    
                                           |  6 = 5                                    
                                           |  7 = 21                                   
                                           |  8 = 4                                    
                                           |                                           
Instance: LDS_DAC_block:3/sky130_fd_pr__nf |(no matching instance)                     
  (1,3) = (30,3)                           |                                           
  2 = 3                                    |                                           
  4 = 30                                   |                                           
                                           |                                           
                                           |                                           
Instance: LDS_DAC_block:4/sky130_fd_pr__nf |(no matching instance)                     
  (1,3) = (14,1)                           |                                           
  2 = 5                                    |                                           
  4 = 30                                   |                                           
                                           |                                           
                                           |                                           
Instance: LDS_DAC_block:4/sky130_fd_pr__nf |(no matching instance)                     
  (1,3) = (14,5)                           |                                           
  2 = 3                                    |                                           
  4 = 30                                   |                                           
                                           |                                           
                                           |                                           
Instance: LDS_DAC_block:4/sky130_fd_pr__nf |(no matching instance)                     
  (1,3) = (14,6)                           |                                           
  2 = 3                                    |                                           
  4 = 30                                   |                                           
                                           |                                           
                                           |                                           
Instance: LDS_DAC_block:4/sky130_fd_pr__nf |(no matching instance)                     
  (1,3) = (30,3)                           |                                           
  2 = 3                                    |                                           
  4 = 30                                   |                                           
                                           |                                           
                                           |                                           
Instance: LDS_DAC_block:2/sky130_fd_pr__pf |(no matching instance)                     
  (1,3) = (8,3)                            |                                           
  2 = 3                                    |                                           
  4 = 8                                    |                                           
                                           |                                           
                                           |                                           
Instance: LDS_DAC_block:1/sky130_fd_pr__pf |(no matching instance)                     
  (1,3) = (8,3)                            |                                           
  2 = 3                                    |                                           
  4 = 8                                    |                                           
                                           |                                           
                                           |                                           
Instance: LDS_DAC_block:3/sky130_fd_pr__pf |(no matching instance)                     
  (1,3) = (8,3)                            |                                           
  2 = 3                                    |                                           
  4 = 8                                    |                                           
                                           |                                           
                                           |                                           
Instance: LDS_DAC_block:4/sky130_fd_pr__pf |(no matching instance)                     
  (1,3) = (8,3)                            |                                           
  2 = 3                                    |                                           
  4 = 8                                    |                                           
                                           |                                           
---------------------------------------------------------------------------------------
Netlists do not match.
Cells have no pins;  pin matching not needed.
Device classes 4bit_DAC_LDS.spice and 4BIT_DAC_block.spice are equivalent.

Final result: Netlists do not match.
